19:17:46.648 INFO - Selenium build info: version: '3.9.1', revision: '63f7b50'
19:17:46.648 INFO - Launching a standalone Selenium Server on port 4444
2018-07-16 19:17:46.937:INFO::main: Logging initialized @635ms to org.seleniumhq.jetty9.util.log.StdErrLog
2018-07-16 19:17:47.073:INFO:osjs.Server:main: jetty-9.4.7.v20170914, build timestamp: 2017-11-21T22:27:37+01:00, git hash: 82b8fb23f757335bb3329d540ce37a2a2615f0a8
2018-07-16 19:17:47.098:WARN:osjs.SecurityHandler:main: ServletContext@o.s.j.s.ServletContextHandler@2c35e847{/,null,STARTING} has uncovered http methods for path: /
2018-07-16 19:17:47.104:INFO:osjsh.ContextHandler:main: Started o.s.j.s.ServletContextHandler@2c35e847{/,null,AVAILABLE}
2018-07-16 19:17:47.156:INFO:osjs.AbstractConnector:main: Started ServerConnector@6d4d66d2{HTTP/1.1,[http/1.1]}{0.0.0.0:4444}
2018-07-16 19:17:47.157:INFO:osjs.Server:main: Started @855ms
19:17:47.157 INFO - Selenium Server is up and running on port 4444
2018-07-16 19:17:47.348:INFO:osjshC.ROOT:qtp1529060733-13: org.openqa.selenium.remote.server.WebDriverServlet-d6e7bab: Initialising WebDriverServlet
19:17:47.405 INFO - Found handler: org.openqa.selenium.remote.server.commandhandler.BeginSession@a593d43
19:17:47.410 INFO - /session: Executing POST on /session (handler: BeginSession)
19:17:47.480 INFO - Capabilities are: Capabilities {acceptSslCerts: true, args: [window-size=5000,5000], browserName: chrome, elementScrollBehavior: 1, javascriptEnabled: true, name: 1 User Spec}
19:17:47.482 INFO - Capabilities {acceptSslCerts: true, args: [window-size=5000,5000], browserName: chrome, elementScrollBehavior: 1, javascriptEnabled: true, name: 1 User Spec} matched class org.openqa.selenium.remote.server.ServicedSession$Factory (provider: org.openqa.selenium.chrome.ChromeDriverService)
Starting ChromeDriver 2.40.565386 (45a059dc425e08165f9a10324bd1380cc13ca363) on port 41335
Only local connections are allowed.
19:17:48.580 INFO - Detected dialect: OSS
19:17:48.992 INFO - Found handler: org.openqa.selenium.remote.server.ServicedSession@3ff73c4
19:17:48.993 INFO - Handler thread for session 3f2ed0270e20451cfe78fc1c5f0eef70 (chrome): Executing POST on /session/3f2ed0270e20451cfe78fc1c5f0eef70/url (handler: ServicedSession)
19:17:48.996 INFO - To upstream: {"url":"http://localhost:3000"}
19:17:51.307 INFO - To downstream: {"sessionId":"3f2ed0270e20451cfe78fc1c5f0eef70","status":0,"value":null}
19:17:51.322 INFO - Found handler: org.openqa.selenium.remote.server.ServicedSession@3ff73c4
19:17:51.323 INFO - Handler thread for session 3f2ed0270e20451cfe78fc1c5f0eef70 (chrome): Executing POST on /session/3f2ed0270e20451cfe78fc1c5f0eef70/elements (handler: ServicedSession)
19:17:51.325 INFO - To upstream: {"using":"css selector","value":"body"}
19:17:51.358 INFO - To downstream: {"sessionId":"3f2ed0270e20451cfe78fc1c5f0eef70","status":0,"value":[{"ELEMENT":"0.261177425718488-1"}]}
19:17:51.368 INFO - Found handler: org.openqa.selenium.remote.server.ServicedSession@3ff73c4
19:17:51.369 INFO - Handler thread for session 3f2ed0270e20451cfe78fc1c5f0eef70 (chrome): Executing GET on /session/3f2ed0270e20451cfe78fc1c5f0eef70/element/0.261177425718488-1/displayed (handler: ServicedSession)
19:17:51.394 INFO - To downstream: {"sessionId":"3f2ed0270e20451cfe78fc1c5f0eef70","status":0,"value":true}
19:17:51.402 INFO - Found handler: org.openqa.selenium.remote.server.ServicedSession@3ff73c4
19:17:51.403 INFO - Handler thread for session 3f2ed0270e20451cfe78fc1c5f0eef70 (chrome): Executing GET on /session/3f2ed0270e20451cfe78fc1c5f0eef70/url (handler: ServicedSession)
19:17:51.414 INFO - To downstream: {"sessionId":"3f2ed0270e20451cfe78fc1c5f0eef70","status":0,"value":"http://localhost:3000/"}
19:17:53.435 INFO - Found handler: org.openqa.selenium.remote.server.ServicedSession@3ff73c4
19:17:53.435 INFO - Handler thread for session 3f2ed0270e20451cfe78fc1c5f0eef70 (chrome): Executing POST on /session/3f2ed0270e20451cfe78fc1c5f0eef70/element (handler: ServicedSession)
19:17:53.437 INFO - To upstream: {"using":"css selector","value":"#mainNav"}
19:17:53.464 INFO - To downstream: {"sessionId":"3f2ed0270e20451cfe78fc1c5f0eef70","status":0,"value":{"ELEMENT":"0.261177425718488-2"}}
19:17:53.475 INFO - Found handler: org.openqa.selenium.remote.server.ServicedSession@3ff73c4
19:17:53.476 INFO - Handler thread for session 3f2ed0270e20451cfe78fc1c5f0eef70 (chrome): Executing GET on /session/3f2ed0270e20451cfe78fc1c5f0eef70/element/0.261177425718488-2/displayed (handler: ServicedSession)
19:17:53.506 INFO - To downstream: {"sessionId":"3f2ed0270e20451cfe78fc1c5f0eef70","status":0,"value":true}
19:17:55.520 INFO - Found handler: org.openqa.selenium.remote.server.ServicedSession@3ff73c4
19:17:55.520 INFO - Handler thread for session 3f2ed0270e20451cfe78fc1c5f0eef70 (chrome): Executing POST on /session/3f2ed0270e20451cfe78fc1c5f0eef70/element (handler: ServicedSession)
19:17:55.522 INFO - To upstream: {"using":"css selector","value":".nav-item"}
19:17:55.546 INFO - To downstream: {"sessionId":"3f2ed0270e20451cfe78fc1c5f0eef70","status":0,"value":{"ELEMENT":"0.261177425718488-3"}}
19:17:55.553 INFO - Found handler: org.openqa.selenium.remote.server.ServicedSession@3ff73c4
19:17:55.553 INFO - Handler thread for session 3f2ed0270e20451cfe78fc1c5f0eef70 (chrome): Executing GET on /session/3f2ed0270e20451cfe78fc1c5f0eef70/element/0.261177425718488-3/displayed (handler: ServicedSession)
19:17:55.576 INFO - To downstream: {"sessionId":"3f2ed0270e20451cfe78fc1c5f0eef70","status":0,"value":true}
19:17:55.583 INFO - Found handler: org.openqa.selenium.remote.server.ServicedSession@3ff73c4
19:17:55.584 INFO - Handler thread for session 3f2ed0270e20451cfe78fc1c5f0eef70 (chrome): Executing POST on /session/3f2ed0270e20451cfe78fc1c5f0eef70/element (handler: ServicedSession)
19:17:55.586 INFO - To upstream: {"using":"css selector","value":"#home"}
19:17:55.610 INFO - To downstream: {"sessionId":"3f2ed0270e20451cfe78fc1c5f0eef70","status":0,"value":{"ELEMENT":"0.261177425718488-4"}}
19:17:55.616 INFO - Found handler: org.openqa.selenium.remote.server.ServicedSession@3ff73c4
19:17:55.616 INFO - Handler thread for session 3f2ed0270e20451cfe78fc1c5f0eef70 (chrome): Executing GET on /session/3f2ed0270e20451cfe78fc1c5f0eef70/element/0.261177425718488-4/text (handler: ServicedSession)
19:17:55.652 INFO - To downstream: {"sessionId":"3f2ed0270e20451cfe78fc1c5f0eef70","status":0,"value":"Home"}
19:17:55.658 INFO - Found handler: org.openqa.selenium.remote.server.ServicedSession@3ff73c4
19:17:55.658 INFO - Handler thread for session 3f2ed0270e20451cfe78fc1c5f0eef70 (chrome): Executing POST on /session/3f2ed0270e20451cfe78fc1c5f0eef70/element (handler: ServicedSession)
19:17:55.660 INFO - To upstream: {"using":"css selector","value":"#view-centers"}
19:17:55.685 INFO - To downstream: {"sessionId":"3f2ed0270e20451cfe78fc1c5f0eef70","status":0,"value":{"ELEMENT":"0.261177425718488-5"}}
19:17:55.690 INFO - Found handler: org.openqa.selenium.remote.server.ServicedSession@3ff73c4
19:17:55.691 INFO - Handler thread for session 3f2ed0270e20451cfe78fc1c5f0eef70 (chrome): Executing GET on /session/3f2ed0270e20451cfe78fc1c5f0eef70/element/0.261177425718488-5/displayed (handler: ServicedSession)
19:17:55.716 INFO - To downstream: {"sessionId":"3f2ed0270e20451cfe78fc1c5f0eef70","status":0,"value":true}
19:17:55.723 INFO - Found handler: org.openqa.selenium.remote.server.ServicedSession@3ff73c4
19:17:55.723 INFO - Handler thread for session 3f2ed0270e20451cfe78fc1c5f0eef70 (chrome): Executing POST on /session/3f2ed0270e20451cfe78fc1c5f0eef70/element (handler: ServicedSession)
19:17:55.725 INFO - To upstream: {"using":"css selector","value":"#view-centers"}
19:17:55.737 INFO - To downstream: {"sessionId":"3f2ed0270e20451cfe78fc1c5f0eef70","status":0,"value":{"ELEMENT":"0.261177425718488-5"}}
19:17:55.742 INFO - Found handler: org.openqa.selenium.remote.server.ServicedSession@3ff73c4
19:17:55.743 INFO - Handler thread for session 3f2ed0270e20451cfe78fc1c5f0eef70 (chrome): Executing GET on /session/3f2ed0270e20451cfe78fc1c5f0eef70/element/0.261177425718488-5/text (handler: ServicedSession)
19:17:55.776 INFO - To downstream: {"sessionId":"3f2ed0270e20451cfe78fc1c5f0eef70","status":0,"value":"Centers"}
19:17:55.782 INFO - Found handler: org.openqa.selenium.remote.server.ServicedSession@3ff73c4
19:17:55.784 INFO - Handler thread for session 3f2ed0270e20451cfe78fc1c5f0eef70 (chrome): Executing POST on /session/3f2ed0270e20451cfe78fc1c5f0eef70/element (handler: ServicedSession)
19:17:55.786 INFO - To upstream: {"using":"css selector","value":"#about"}
19:17:55.810 INFO - To downstream: {"sessionId":"3f2ed0270e20451cfe78fc1c5f0eef70","status":0,"value":{"ELEMENT":"0.261177425718488-6"}}
19:17:55.821 INFO - Found handler: org.openqa.selenium.remote.server.ServicedSession@3ff73c4
19:17:55.822 INFO - Handler thread for session 3f2ed0270e20451cfe78fc1c5f0eef70 (chrome): Executing GET on /session/3f2ed0270e20451cfe78fc1c5f0eef70/element/0.261177425718488-6/displayed (handler: ServicedSession)
19:17:55.851 INFO - To downstream: {"sessionId":"3f2ed0270e20451cfe78fc1c5f0eef70","status":0,"value":true}
19:17:55.857 INFO - Found handler: org.openqa.selenium.remote.server.ServicedSession@3ff73c4
19:17:55.858 INFO - Handler thread for session 3f2ed0270e20451cfe78fc1c5f0eef70 (chrome): Executing POST on /session/3f2ed0270e20451cfe78fc1c5f0eef70/element (handler: ServicedSession)
19:17:55.861 INFO - To upstream: {"using":"css selector","value":"#about"}
19:17:55.876 INFO - To downstream: {"sessionId":"3f2ed0270e20451cfe78fc1c5f0eef70","status":0,"value":{"ELEMENT":"0.261177425718488-6"}}
19:17:55.888 INFO - Found handler: org.openqa.selenium.remote.server.ServicedSession@3ff73c4
19:17:55.889 INFO - Handler thread for session 3f2ed0270e20451cfe78fc1c5f0eef70 (chrome): Executing GET on /session/3f2ed0270e20451cfe78fc1c5f0eef70/element/0.261177425718488-6/text (handler: ServicedSession)
19:17:55.962 INFO - To downstream: {"sessionId":"3f2ed0270e20451cfe78fc1c5f0eef70","status":0,"value":"About Us"}
19:17:55.973 INFO - Found handler: org.openqa.selenium.remote.server.ServicedSession@3ff73c4
19:17:55.976 INFO - Handler thread for session 3f2ed0270e20451cfe78fc1c5f0eef70 (chrome): Executing POST on /session/3f2ed0270e20451cfe78fc1c5f0eef70/element (handler: ServicedSession)
19:17:55.978 INFO - To upstream: {"using":"css selector","value":"#signIn"}
19:17:56.039 INFO - To downstream: {"sessionId":"3f2ed0270e20451cfe78fc1c5f0eef70","status":0,"value":{"ELEMENT":"0.261177425718488-7"}}
19:17:56.043 INFO - Found handler: org.openqa.selenium.remote.server.ServicedSession@3ff73c4
19:17:56.044 INFO - Handler thread for session 3f2ed0270e20451cfe78fc1c5f0eef70 (chrome): Executing GET on /session/3f2ed0270e20451cfe78fc1c5f0eef70/element/0.261177425718488-7/displayed (handler: ServicedSession)
19:17:56.076 INFO - To downstream: {"sessionId":"3f2ed0270e20451cfe78fc1c5f0eef70","status":0,"value":true}
19:17:56.083 INFO - Found handler: org.openqa.selenium.remote.server.ServicedSession@3ff73c4
19:17:56.083 INFO - Handler thread for session 3f2ed0270e20451cfe78fc1c5f0eef70 (chrome): Executing POST on /session/3f2ed0270e20451cfe78fc1c5f0eef70/element (handler: ServicedSession)
19:17:56.087 INFO - To upstream: {"using":"css selector","value":"#signIn"}
19:17:56.103 INFO - To downstream: {"sessionId":"3f2ed0270e20451cfe78fc1c5f0eef70","status":0,"value":{"ELEMENT":"0.261177425718488-7"}}
19:17:56.108 INFO - Found handler: org.openqa.selenium.remote.server.ServicedSession@3ff73c4
19:17:56.108 INFO - Handler thread for session 3f2ed0270e20451cfe78fc1c5f0eef70 (chrome): Executing GET on /session/3f2ed0270e20451cfe78fc1c5f0eef70/element/0.261177425718488-7/text (handler: ServicedSession)
19:17:56.156 INFO - To downstream: {"sessionId":"3f2ed0270e20451cfe78fc1c5f0eef70","status":0,"value":"Sign In"}
19:17:56.165 INFO - Found handler: org.openqa.selenium.remote.server.ServicedSession@3ff73c4
19:17:56.166 INFO - Handler thread for session 3f2ed0270e20451cfe78fc1c5f0eef70 (chrome): Executing POST on /session/3f2ed0270e20451cfe78fc1c5f0eef70/element (handler: ServicedSession)
19:17:56.169 INFO - To upstream: {"using":"css selector","value":"#footer"}
19:17:56.206 INFO - To downstream: {"sessionId":"3f2ed0270e20451cfe78fc1c5f0eef70","status":0,"value":{"ELEMENT":"0.261177425718488-8"}}
19:17:56.211 INFO - Found handler: org.openqa.selenium.remote.server.ServicedSession@3ff73c4
19:17:56.211 INFO - Handler thread for session 3f2ed0270e20451cfe78fc1c5f0eef70 (chrome): Executing GET on /session/3f2ed0270e20451cfe78fc1c5f0eef70/element/0.261177425718488-8/displayed (handler: ServicedSession)
19:17:56.243 INFO - To downstream: {"sessionId":"3f2ed0270e20451cfe78fc1c5f0eef70","status":0,"value":true}
19:17:58.253 INFO - Found handler: org.openqa.selenium.remote.server.ServicedSession@3ff73c4
19:17:58.253 INFO - Handler thread for session 3f2ed0270e20451cfe78fc1c5f0eef70 (chrome): Executing POST on /session/3f2ed0270e20451cfe78fc1c5f0eef70/element (handler: ServicedSession)
19:17:58.255 INFO - To upstream: {"using":"css selector","value":"p"}
19:17:58.278 INFO - To downstream: {"sessionId":"3f2ed0270e20451cfe78fc1c5f0eef70","status":0,"value":{"ELEMENT":"0.261177425718488-9"}}
19:17:58.285 INFO - Found handler: org.openqa.selenium.remote.server.ServicedSession@3ff73c4
19:17:58.286 INFO - Handler thread for session 3f2ed0270e20451cfe78fc1c5f0eef70 (chrome): Executing GET on /session/3f2ed0270e20451cfe78fc1c5f0eef70/element/0.261177425718488-9/displayed (handler: ServicedSession)
19:17:58.313 INFO - To downstream: {"sessionId":"3f2ed0270e20451cfe78fc1c5f0eef70","status":0,"value":true}
19:17:58.322 INFO - Found handler: org.openqa.selenium.remote.server.ServicedSession@3ff73c4
19:17:58.322 INFO - Handler thread for session 3f2ed0270e20451cfe78fc1c5f0eef70 (chrome): Executing POST on /session/3f2ed0270e20451cfe78fc1c5f0eef70/element (handler: ServicedSession)
19:17:58.325 INFO - To upstream: {"using":"css selector","value":".footer-text"}
19:17:58.356 INFO - To downstream: {"sessionId":"3f2ed0270e20451cfe78fc1c5f0eef70","status":0,"value":{"ELEMENT":"0.261177425718488-8"}}
19:17:58.361 INFO - Found handler: org.openqa.selenium.remote.server.ServicedSession@3ff73c4
19:17:58.361 INFO - Handler thread for session 3f2ed0270e20451cfe78fc1c5f0eef70 (chrome): Executing GET on /session/3f2ed0270e20451cfe78fc1c5f0eef70/element/0.261177425718488-8/text (handler: ServicedSession)
19:17:58.400 INFO - To downstream: {"sessionId":"3f2ed0270e20451cfe78fc1c5f0eef70","status":0,"value":"eCenter 2017"}
19:18:01.414 INFO - Found handler: org.openqa.selenium.remote.server.ServicedSession@3ff73c4
19:18:01.415 INFO - Handler thread for session 3f2ed0270e20451cfe78fc1c5f0eef70 (chrome): Executing POST on /session/3f2ed0270e20451cfe78fc1c5f0eef70/element (handler: ServicedSession)
19:18:01.418 INFO - To upstream: {"using":"css selector","value":"#signup-form"}
19:18:01.438 INFO - To downstream: {"sessionId":"3f2ed0270e20451cfe78fc1c5f0eef70","status":0,"value":{"ELEMENT":"0.261177425718488-10"}}
19:18:01.442 INFO - Found handler: org.openqa.selenium.remote.server.ServicedSession@3ff73c4
19:18:01.443 INFO - Handler thread for session 3f2ed0270e20451cfe78fc1c5f0eef70 (chrome): Executing GET on /session/3f2ed0270e20451cfe78fc1c5f0eef70/element/0.261177425718488-10/displayed (handler: ServicedSession)
19:18:01.461 INFO - To downstream: {"sessionId":"3f2ed0270e20451cfe78fc1c5f0eef70","status":0,"value":true}
19:18:02.471 INFO - Found handler: org.openqa.selenium.remote.server.ServicedSession@3ff73c4
19:18:02.471 INFO - Handler thread for session 3f2ed0270e20451cfe78fc1c5f0eef70 (chrome): Executing POST on /session/3f2ed0270e20451cfe78fc1c5f0eef70/element (handler: ServicedSession)
19:18:02.473 INFO - To upstream: {"using":"css selector","value":"#fullname"}
19:18:02.490 INFO - To downstream: {"sessionId":"3f2ed0270e20451cfe78fc1c5f0eef70","status":0,"value":{"ELEMENT":"0.261177425718488-11"}}
19:18:02.494 INFO - Found handler: org.openqa.selenium.remote.server.ServicedSession@3ff73c4
19:18:02.494 INFO - Handler thread for session 3f2ed0270e20451cfe78fc1c5f0eef70 (chrome): Executing POST on /session/3f2ed0270e20451cfe78fc1c5f0eef70/element/0.261177425718488-11/value (handler: ServicedSession)
19:18:02.496 INFO - To upstream: {"value":["D","e","n","n","i","s"]}
19:18:02.737 INFO - To downstream: {"sessionId":"3f2ed0270e20451cfe78fc1c5f0eef70","status":0,"value":null}
19:18:03.247 INFO - Found handler: org.openqa.selenium.remote.server.ServicedSession@3ff73c4
19:18:03.247 INFO - Handler thread for session 3f2ed0270e20451cfe78fc1c5f0eef70 (chrome): Executing POST on /session/3f2ed0270e20451cfe78fc1c5f0eef70/element (handler: ServicedSession)
19:18:03.250 INFO - To upstream: {"using":"css selector","value":"#email"}
19:18:03.270 INFO - To downstream: {"sessionId":"3f2ed0270e20451cfe78fc1c5f0eef70","status":0,"value":{"ELEMENT":"0.261177425718488-12"}}
19:18:03.273 INFO - Found handler: org.openqa.selenium.remote.server.ServicedSession@3ff73c4
19:18:03.274 INFO - Handler thread for session 3f2ed0270e20451cfe78fc1c5f0eef70 (chrome): Executing POST on /session/3f2ed0270e20451cfe78fc1c5f0eef70/element/0.261177425718488-12/value (handler: ServicedSession)
19:18:03.275 INFO - To upstream: {"value":["d","e","n","n","i","s","d","m","e","n","a","c","e","@","t","e","s","t",".","c","o","m"]}
19:18:03.688 INFO - To downstream: {"sessionId":"3f2ed0270e20451cfe78fc1c5f0eef70","status":0,"value":null}
19:18:04.196 INFO - Found handler: org.openqa.selenium.remote.server.ServicedSession@3ff73c4
19:18:04.197 INFO - Handler thread for session 3f2ed0270e20451cfe78fc1c5f0eef70 (chrome): Executing POST on /session/3f2ed0270e20451cfe78fc1c5f0eef70/element (handler: ServicedSession)
19:18:04.198 INFO - To upstream: {"using":"css selector","value":"#password"}
19:18:04.222 INFO - To downstream: {"sessionId":"3f2ed0270e20451cfe78fc1c5f0eef70","status":0,"value":{"ELEMENT":"0.261177425718488-13"}}
19:18:04.226 INFO - Found handler: org.openqa.selenium.remote.server.ServicedSession@3ff73c4
19:18:04.226 INFO - Handler thread for session 3f2ed0270e20451cfe78fc1c5f0eef70 (chrome): Executing POST on /session/3f2ed0270e20451cfe78fc1c5f0eef70/element/0.261177425718488-13/value (handler: ServicedSession)
19:18:04.228 INFO - To upstream: {"value":["m","e","n","a","c","e"]}
19:18:04.379 INFO - To downstream: {"sessionId":"3f2ed0270e20451cfe78fc1c5f0eef70","status":0,"value":null}
19:18:04.887 INFO - Found handler: org.openqa.selenium.remote.server.ServicedSession@3ff73c4
19:18:04.888 INFO - Handler thread for session 3f2ed0270e20451cfe78fc1c5f0eef70 (chrome): Executing POST on /session/3f2ed0270e20451cfe78fc1c5f0eef70/element (handler: ServicedSession)
19:18:04.889 INFO - To upstream: {"using":"css selector","value":"#retypePass"}
19:18:04.910 INFO - To downstream: {"sessionId":"3f2ed0270e20451cfe78fc1c5f0eef70","status":0,"value":{"ELEMENT":"0.261177425718488-14"}}
19:18:04.913 INFO - Found handler: org.openqa.selenium.remote.server.ServicedSession@3ff73c4
19:18:04.914 INFO - Handler thread for session 3f2ed0270e20451cfe78fc1c5f0eef70 (chrome): Executing POST on /session/3f2ed0270e20451cfe78fc1c5f0eef70/element/0.261177425718488-14/value (handler: ServicedSession)
19:18:04.917 INFO - To upstream: {"value":["m","e","n","a","c","e"]}
19:18:05.071 INFO - To downstream: {"sessionId":"3f2ed0270e20451cfe78fc1c5f0eef70","status":0,"value":null}
19:18:05.077 INFO - Found handler: org.openqa.selenium.remote.server.ServicedSession@3ff73c4
19:18:05.077 INFO - Handler thread for session 3f2ed0270e20451cfe78fc1c5f0eef70 (chrome): Executing POST on /session/3f2ed0270e20451cfe78fc1c5f0eef70/element (handler: ServicedSession)
19:18:05.079 INFO - To upstream: {"using":"css selector","value":"#signup"}
19:18:05.106 INFO - To downstream: {"sessionId":"3f2ed0270e20451cfe78fc1c5f0eef70","status":0,"value":{"ELEMENT":"0.261177425718488-15"}}
19:18:05.110 INFO - Found handler: org.openqa.selenium.remote.server.ServicedSession@3ff73c4
19:18:05.111 INFO - Handler thread for session 3f2ed0270e20451cfe78fc1c5f0eef70 (chrome): Executing POST on /session/3f2ed0270e20451cfe78fc1c5f0eef70/element/0.261177425718488-15/click (handler: ServicedSession)
19:18:05.112 INFO - To upstream: 
19:18:05.280 INFO - To downstream: {"sessionId":"3f2ed0270e20451cfe78fc1c5f0eef70","status":0,"value":null}
19:18:10.292 INFO - Found handler: org.openqa.selenium.remote.server.ServicedSession@3ff73c4
19:18:10.292 INFO - Handler thread for session 3f2ed0270e20451cfe78fc1c5f0eef70 (chrome): Executing POST on /session/3f2ed0270e20451cfe78fc1c5f0eef70/url (handler: ServicedSession)
19:18:10.294 INFO - To upstream: {"url":"http://localhost:3000/dashboard"}
19:18:11.833 INFO - To downstream: {"sessionId":"3f2ed0270e20451cfe78fc1c5f0eef70","status":0,"value":null}
19:18:11.842 INFO - Found handler: org.openqa.selenium.remote.server.ServicedSession@3ff73c4
19:18:11.843 INFO - Handler thread for session 3f2ed0270e20451cfe78fc1c5f0eef70 (chrome): Executing POST on /session/3f2ed0270e20451cfe78fc1c5f0eef70/elements (handler: ServicedSession)
19:18:11.845 INFO - To upstream: {"using":"css selector","value":"body"}
19:18:11.870 INFO - To downstream: {"sessionId":"3f2ed0270e20451cfe78fc1c5f0eef70","status":0,"value":[{"ELEMENT":"0.7556368246685239-1"}]}
19:18:11.875 INFO - Found handler: org.openqa.selenium.remote.server.ServicedSession@3ff73c4
19:18:11.875 INFO - Handler thread for session 3f2ed0270e20451cfe78fc1c5f0eef70 (chrome): Executing GET on /session/3f2ed0270e20451cfe78fc1c5f0eef70/element/0.7556368246685239-1/displayed (handler: ServicedSession)
19:18:11.904 INFO - To downstream: {"sessionId":"3f2ed0270e20451cfe78fc1c5f0eef70","status":0,"value":true}
19:18:11.909 INFO - Found handler: org.openqa.selenium.remote.server.ServicedSession@3ff73c4
19:18:11.909 INFO - Handler thread for session 3f2ed0270e20451cfe78fc1c5f0eef70 (chrome): Executing GET on /session/3f2ed0270e20451cfe78fc1c5f0eef70/url (handler: ServicedSession)
19:18:11.920 INFO - To downstream: {"sessionId":"3f2ed0270e20451cfe78fc1c5f0eef70","status":0,"value":"http://localhost:3000/dashboard"}
19:18:11.925 INFO - Found handler: org.openqa.selenium.remote.server.ServicedSession@3ff73c4
19:18:11.925 INFO - Handler thread for session 3f2ed0270e20451cfe78fc1c5f0eef70 (chrome): Executing POST on /session/3f2ed0270e20451cfe78fc1c5f0eef70/url (handler: ServicedSession)
19:18:11.928 INFO - To upstream: {"url":"http://localhost:3000/add-event"}
19:18:12.930 INFO - To downstream: {"sessionId":"3f2ed0270e20451cfe78fc1c5f0eef70","status":0,"value":null}
19:18:12.936 INFO - Found handler: org.openqa.selenium.remote.server.ServicedSession@3ff73c4
19:18:12.936 INFO - Handler thread for session 3f2ed0270e20451cfe78fc1c5f0eef70 (chrome): Executing POST on /session/3f2ed0270e20451cfe78fc1c5f0eef70/elements (handler: ServicedSession)
19:18:12.939 INFO - To upstream: {"using":"css selector","value":"body"}
19:18:12.964 INFO - To downstream: {"sessionId":"3f2ed0270e20451cfe78fc1c5f0eef70","status":0,"value":[{"ELEMENT":"0.34465056255958815-1"}]}
19:18:12.971 INFO - Found handler: org.openqa.selenium.remote.server.ServicedSession@3ff73c4
19:18:12.972 INFO - Handler thread for session 3f2ed0270e20451cfe78fc1c5f0eef70 (chrome): Executing GET on /session/3f2ed0270e20451cfe78fc1c5f0eef70/element/0.34465056255958815-1/displayed (handler: ServicedSession)
19:18:13.040 INFO - To downstream: {"sessionId":"3f2ed0270e20451cfe78fc1c5f0eef70","status":0,"value":true}
19:18:13.045 INFO - Found handler: org.openqa.selenium.remote.server.ServicedSession@3ff73c4
19:18:13.046 INFO - Handler thread for session 3f2ed0270e20451cfe78fc1c5f0eef70 (chrome): Executing GET on /session/3f2ed0270e20451cfe78fc1c5f0eef70/url (handler: ServicedSession)
19:18:13.052 INFO - To downstream: {"sessionId":"3f2ed0270e20451cfe78fc1c5f0eef70","status":0,"value":"http://localhost:3000/add-event"}
19:18:18.064 INFO - Found handler: org.openqa.selenium.remote.server.ServicedSession@3ff73c4
19:18:18.065 INFO - Handler thread for session 3f2ed0270e20451cfe78fc1c5f0eef70 (chrome): Executing POST on /session/3f2ed0270e20451cfe78fc1c5f0eef70/element (handler: ServicedSession)
19:18:18.070 INFO - To upstream: {"using":"css selector","value":"#centerId"}
19:18:18.177 INFO - To downstream: {"sessionId":"3f2ed0270e20451cfe78fc1c5f0eef70","status":0,"value":{"ELEMENT":"0.34465056255958815-2"}}
19:18:18.181 INFO - Found handler: org.openqa.selenium.remote.server.ServicedSession@3ff73c4
19:18:18.181 INFO - Handler thread for session 3f2ed0270e20451cfe78fc1c5f0eef70 (chrome): Executing POST on /session/3f2ed0270e20451cfe78fc1c5f0eef70/element/0.34465056255958815-2/click (handler: ServicedSession)
19:18:18.184 INFO - To upstream: 
19:18:18.289 INFO - To downstream: {"sessionId":"3f2ed0270e20451cfe78fc1c5f0eef70","status":0,"value":null}
19:18:18.294 INFO - Found handler: org.openqa.selenium.remote.server.ServicedSession@3ff73c4
19:18:18.294 INFO - Handler thread for session 3f2ed0270e20451cfe78fc1c5f0eef70 (chrome): Executing POST on /session/3f2ed0270e20451cfe78fc1c5f0eef70/element (handler: ServicedSession)
19:18:18.295 INFO - To upstream: {"using":"css selector","value":"#centerId"}
19:18:18.309 INFO - To downstream: {"sessionId":"3f2ed0270e20451cfe78fc1c5f0eef70","status":0,"value":{"ELEMENT":"0.34465056255958815-2"}}
19:18:18.313 INFO - Found handler: org.openqa.selenium.remote.server.ServicedSession@3ff73c4
19:18:18.314 INFO - Handler thread for session 3f2ed0270e20451cfe78fc1c5f0eef70 (chrome): Executing POST on /session/3f2ed0270e20451cfe78fc1c5f0eef70/element/0.34465056255958815-2/value (handler: ServicedSession)
19:18:18.317 INFO - To upstream: {"value":["I","b","i","s"]}
19:18:18.791 INFO - To downstream: {"sessionId":"3f2ed0270e20451cfe78fc1c5f0eef70","status":0,"value":null}
19:18:18.796 INFO - Found handler: org.openqa.selenium.remote.server.ServicedSession@3ff73c4
19:18:18.797 INFO - Handler thread for session 3f2ed0270e20451cfe78fc1c5f0eef70 (chrome): Executing POST on /session/3f2ed0270e20451cfe78fc1c5f0eef70/element (handler: ServicedSession)
19:18:18.799 INFO - To upstream: {"using":"css selector","value":"#bookedDate"}
19:18:18.825 INFO - To downstream: {"sessionId":"3f2ed0270e20451cfe78fc1c5f0eef70","status":0,"value":{"ELEMENT":"0.34465056255958815-3"}}
19:18:18.829 INFO - Found handler: org.openqa.selenium.remote.server.ServicedSession@3ff73c4
19:18:18.830 INFO - Handler thread for session 3f2ed0270e20451cfe78fc1c5f0eef70 (chrome): Executing POST on /session/3f2ed0270e20451cfe78fc1c5f0eef70/element/0.34465056255958815-3/value (handler: ServicedSession)
19:18:18.833 INFO - To upstream: {"value":["2","1","-","0","8","-","2","0","1","8"]}
19:18:19.189 INFO - To downstream: {"sessionId":"3f2ed0270e20451cfe78fc1c5f0eef70","status":0,"value":null}
19:18:20.196 INFO - Found handler: org.openqa.selenium.remote.server.ServicedSession@3ff73c4
19:18:20.196 INFO - Handler thread for session 3f2ed0270e20451cfe78fc1c5f0eef70 (chrome): Executing POST on /session/3f2ed0270e20451cfe78fc1c5f0eef70/element (handler: ServicedSession)
19:18:20.197 INFO - To upstream: {"using":"css selector","value":"#add-date"}
19:18:20.211 INFO - To downstream: {"sessionId":"3f2ed0270e20451cfe78fc1c5f0eef70","status":0,"value":{"ELEMENT":"0.34465056255958815-4"}}
19:18:20.214 INFO - Found handler: org.openqa.selenium.remote.server.ServicedSession@3ff73c4
19:18:20.214 INFO - Handler thread for session 3f2ed0270e20451cfe78fc1c5f0eef70 (chrome): Executing POST on /session/3f2ed0270e20451cfe78fc1c5f0eef70/element/0.34465056255958815-4/click (handler: ServicedSession)
19:18:20.215 INFO - To upstream: 
19:18:25.283 INFO - To downstream: {"sessionId":"3f2ed0270e20451cfe78fc1c5f0eef70","status":0,"value":null}
19:18:26.288 INFO - Found handler: org.openqa.selenium.remote.server.ServicedSession@3ff73c4
19:18:26.288 INFO - Handler thread for session 3f2ed0270e20451cfe78fc1c5f0eef70 (chrome): Executing POST on /session/3f2ed0270e20451cfe78fc1c5f0eef70/element (handler: ServicedSession)
19:18:26.289 INFO - To upstream: {"using":"css selector","value":"#eventTitle"}
19:18:26.305 INFO - To downstream: {"sessionId":"3f2ed0270e20451cfe78fc1c5f0eef70","status":0,"value":{"ELEMENT":"0.34465056255958815-5"}}
19:18:26.307 INFO - Found handler: org.openqa.selenium.remote.server.ServicedSession@3ff73c4
19:18:26.307 INFO - Handler thread for session 3f2ed0270e20451cfe78fc1c5f0eef70 (chrome): Executing POST on /session/3f2ed0270e20451cfe78fc1c5f0eef70/element/0.34465056255958815-5/value (handler: ServicedSession)
19:18:26.308 INFO - To upstream: {"value":["P","i","z","z","a"," ","P","a","r","t","y"]}
19:18:26.457 INFO - To downstream: {"sessionId":"3f2ed0270e20451cfe78fc1c5f0eef70","status":0,"value":null}
19:18:28.464 INFO - Found handler: org.openqa.selenium.remote.server.ServicedSession@3ff73c4
19:18:28.465 INFO - Handler thread for session 3f2ed0270e20451cfe78fc1c5f0eef70 (chrome): Executing POST on /session/3f2ed0270e20451cfe78fc1c5f0eef70/element (handler: ServicedSession)
19:18:28.466 INFO - To upstream: {"using":"css selector","value":"#description"}
19:18:28.479 INFO - To downstream: {"sessionId":"3f2ed0270e20451cfe78fc1c5f0eef70","status":0,"value":{"ELEMENT":"0.34465056255958815-6"}}
19:18:28.481 INFO - Found handler: org.openqa.selenium.remote.server.ServicedSession@3ff73c4
19:18:28.481 INFO - Handler thread for session 3f2ed0270e20451cfe78fc1c5f0eef70 (chrome): Executing POST on /session/3f2ed0270e20451cfe78fc1c5f0eef70/element/0.34465056255958815-6/value (handler: ServicedSession)
19:18:28.482 INFO - To upstream: {"value":["J","u","s","t"," ","f","o","r"," ","m","e"," ","a","n","d"," ","m","y"," ","f","r","i","e","n","d","s"," ","o","n","l","y"]}
19:18:28.687 INFO - To downstream: {"sessionId":"3f2ed0270e20451cfe78fc1c5f0eef70","status":0,"value":null}
19:18:30.693 INFO - Found handler: org.openqa.selenium.remote.server.ServicedSession@3ff73c4
19:18:30.693 INFO - Handler thread for session 3f2ed0270e20451cfe78fc1c5f0eef70 (chrome): Executing POST on /session/3f2ed0270e20451cfe78fc1c5f0eef70/element (handler: ServicedSession)
19:18:30.694 INFO - To upstream: {"using":"css selector","value":"#submit-event"}
19:18:30.707 INFO - To downstream: {"sessionId":"3f2ed0270e20451cfe78fc1c5f0eef70","status":0,"value":{"ELEMENT":"0.34465056255958815-7"}}
19:18:30.710 INFO - Found handler: org.openqa.selenium.remote.server.ServicedSession@3ff73c4
19:18:30.710 INFO - Handler thread for session 3f2ed0270e20451cfe78fc1c5f0eef70 (chrome): Executing POST on /session/3f2ed0270e20451cfe78fc1c5f0eef70/element/0.34465056255958815-7/click (handler: ServicedSession)
19:18:30.711 INFO - To upstream: 
19:18:30.765 INFO - To downstream: {"sessionId":"3f2ed0270e20451cfe78fc1c5f0eef70","status":0,"value":null}
19:18:32.774 INFO - Found handler: org.openqa.selenium.remote.server.ServicedSession@3ff73c4
19:18:32.775 INFO - Handler thread for session 3f2ed0270e20451cfe78fc1c5f0eef70 (chrome): Executing POST on /session/3f2ed0270e20451cfe78fc1c5f0eef70/element (handler: ServicedSession)
19:18:32.776 INFO - To upstream: {"using":"css selector","value":"h2"}
19:18:32.795 INFO - To downstream: {"sessionId":"3f2ed0270e20451cfe78fc1c5f0eef70","status":0,"value":{"ELEMENT":"0.34465056255958815-8"}}
19:18:32.799 INFO - Found handler: org.openqa.selenium.remote.server.ServicedSession@3ff73c4
19:18:32.799 INFO - Handler thread for session 3f2ed0270e20451cfe78fc1c5f0eef70 (chrome): Executing POST on /session/3f2ed0270e20451cfe78fc1c5f0eef70/element/0.34465056255958815-8/click (handler: ServicedSession)
19:18:32.800 INFO - To upstream: 
19:18:32.924 INFO - To downstream: {"sessionId":"3f2ed0270e20451cfe78fc1c5f0eef70","status":0,"value":null}
19:18:35.930 INFO - Found handler: org.openqa.selenium.remote.server.ServicedSession@3ff73c4
19:18:35.931 INFO - Handler thread for session 3f2ed0270e20451cfe78fc1c5f0eef70 (chrome): Executing POST on /session/3f2ed0270e20451cfe78fc1c5f0eef70/element (handler: ServicedSession)
19:18:35.932 INFO - To upstream: {"using":"css selector","value":"#bookedDate"}
19:18:35.938 INFO - To downstream: {"sessionId":"3f2ed0270e20451cfe78fc1c5f0eef70","status":23,"value":{"message":"no such window: window was already closed\n  (Session info: chrome=67.0.3396.99)\n  (Driver info: chromedriver=2.40.565386 (45a059dc425e08165f9a10324bd1380cc13ca363),platform=Mac OS X 10.13.5 x86_64)"}}
19:18:35.944 INFO - Found handler: org.openqa.selenium.remote.server.ServicedSession@3ff73c4
19:18:35.944 INFO - Handler thread for session 3f2ed0270e20451cfe78fc1c5f0eef70 (chrome): Executing POST on /session/3f2ed0270e20451cfe78fc1c5f0eef70/element (handler: ServicedSession)
19:18:35.946 INFO - To upstream: {"using":"css selector","value":"#bookedDate"}
19:18:35.948 INFO - To downstream: {"sessionId":"3f2ed0270e20451cfe78fc1c5f0eef70","status":23,"value":{"message":"no such window: window was already closed\n  (Session info: chrome=67.0.3396.99)\n  (Driver info: chromedriver=2.40.565386 (45a059dc425e08165f9a10324bd1380cc13ca363),platform=Mac OS X 10.13.5 x86_64)"}}
19:18:36.951 INFO - Found handler: org.openqa.selenium.remote.server.ServicedSession@3ff73c4
19:18:36.951 INFO - Handler thread for session 3f2ed0270e20451cfe78fc1c5f0eef70 (chrome): Executing POST on /session/3f2ed0270e20451cfe78fc1c5f0eef70/element (handler: ServicedSession)
19:18:36.953 INFO - To upstream: {"using":"css selector","value":"#modify-date"}
19:18:36.958 INFO - To downstream: {"sessionId":"3f2ed0270e20451cfe78fc1c5f0eef70","status":23,"value":{"message":"no such window: window was already closed\n  (Session info: chrome=67.0.3396.99)\n  (Driver info: chromedriver=2.40.565386 (45a059dc425e08165f9a10324bd1380cc13ca363),platform=Mac OS X 10.13.5 x86_64)"}}
19:18:37.965 INFO - Found handler: org.openqa.selenium.remote.server.ServicedSession@3ff73c4
19:18:37.965 INFO - Handler thread for session 3f2ed0270e20451cfe78fc1c5f0eef70 (chrome): Executing POST on /session/3f2ed0270e20451cfe78fc1c5f0eef70/element (handler: ServicedSession)
19:18:37.967 INFO - To upstream: {"using":"css selector","value":"#eventTitle"}
19:18:37.970 INFO - To downstream: {"sessionId":"3f2ed0270e20451cfe78fc1c5f0eef70","status":23,"value":{"message":"no such window: window was already closed\n  (Session info: chrome=67.0.3396.99)\n  (Driver info: chromedriver=2.40.565386 (45a059dc425e08165f9a10324bd1380cc13ca363),platform=Mac OS X 10.13.5 x86_64)"}}
19:18:37.974 INFO - Found handler: org.openqa.selenium.remote.server.ServicedSession@3ff73c4
19:18:37.974 INFO - Handler thread for session 3f2ed0270e20451cfe78fc1c5f0eef70 (chrome): Executing POST on /session/3f2ed0270e20451cfe78fc1c5f0eef70/element (handler: ServicedSession)
19:18:37.975 INFO - To upstream: {"using":"css selector","value":"#eventTitle"}
19:18:37.978 INFO - To downstream: {"sessionId":"3f2ed0270e20451cfe78fc1c5f0eef70","status":23,"value":{"message":"no such window: window was already closed\n  (Session info: chrome=67.0.3396.99)\n  (Driver info: chromedriver=2.40.565386 (45a059dc425e08165f9a10324bd1380cc13ca363),platform=Mac OS X 10.13.5 x86_64)"}}
19:18:39.985 INFO - Found handler: org.openqa.selenium.remote.server.ServicedSession@3ff73c4
19:18:39.985 INFO - Handler thread for session 3f2ed0270e20451cfe78fc1c5f0eef70 (chrome): Executing POST on /session/3f2ed0270e20451cfe78fc1c5f0eef70/element (handler: ServicedSession)
19:18:39.987 INFO - To upstream: {"using":"css selector","value":"#description"}
19:18:39.992 INFO - To downstream: {"sessionId":"3f2ed0270e20451cfe78fc1c5f0eef70","status":23,"value":{"message":"no such window: window was already closed\n  (Session info: chrome=67.0.3396.99)\n  (Driver info: chromedriver=2.40.565386 (45a059dc425e08165f9a10324bd1380cc13ca363),platform=Mac OS X 10.13.5 x86_64)"}}
19:18:39.997 INFO - Found handler: org.openqa.selenium.remote.server.ServicedSession@3ff73c4
19:18:39.997 INFO - Handler thread for session 3f2ed0270e20451cfe78fc1c5f0eef70 (chrome): Executing POST on /session/3f2ed0270e20451cfe78fc1c5f0eef70/element (handler: ServicedSession)
19:18:39.999 INFO - To upstream: {"using":"css selector","value":"#description"}
19:18:40.003 INFO - To downstream: {"sessionId":"3f2ed0270e20451cfe78fc1c5f0eef70","status":23,"value":{"message":"no such window: window was already closed\n  (Session info: chrome=67.0.3396.99)\n  (Driver info: chromedriver=2.40.565386 (45a059dc425e08165f9a10324bd1380cc13ca363),platform=Mac OS X 10.13.5 x86_64)"}}
19:18:42.010 INFO - Found handler: org.openqa.selenium.remote.server.ServicedSession@3ff73c4
19:18:42.010 INFO - Handler thread for session 3f2ed0270e20451cfe78fc1c5f0eef70 (chrome): Executing POST on /session/3f2ed0270e20451cfe78fc1c5f0eef70/element (handler: ServicedSession)
19:18:42.011 INFO - To upstream: {"using":"css selector","value":"#edit-event"}
19:18:42.015 INFO - To downstream: {"sessionId":"3f2ed0270e20451cfe78fc1c5f0eef70","status":23,"value":{"message":"no such window: window was already closed\n  (Session info: chrome=67.0.3396.99)\n  (Driver info: chromedriver=2.40.565386 (45a059dc425e08165f9a10324bd1380cc13ca363),platform=Mac OS X 10.13.5 x86_64)"}}
19:18:46.020 INFO - Found handler: org.openqa.selenium.remote.server.ServicedSession@3ff73c4
19:18:46.020 INFO - Handler thread for session 3f2ed0270e20451cfe78fc1c5f0eef70 (chrome): Executing POST on /session/3f2ed0270e20451cfe78fc1c5f0eef70/element (handler: ServicedSession)
19:18:46.023 INFO - To upstream: {"using":"css selector","value":"i"}
19:18:46.028 INFO - To downstream: {"sessionId":"3f2ed0270e20451cfe78fc1c5f0eef70","status":23,"value":{"message":"no such window: window was already closed\n  (Session info: chrome=67.0.3396.99)\n  (Driver info: chromedriver=2.40.565386 (45a059dc425e08165f9a10324bd1380cc13ca363),platform=Mac OS X 10.13.5 x86_64)"}}
19:18:46.035 INFO - Found handler: org.openqa.selenium.remote.server.ServicedSession@3ff73c4
19:18:46.035 INFO - Handler thread for session 3f2ed0270e20451cfe78fc1c5f0eef70 (chrome): Executing DELETE on /session/3f2ed0270e20451cfe78fc1c5f0eef70 (handler: ServicedSession)
19:18:46.089 INFO - To downstream: {"sessionId":"3f2ed0270e20451cfe78fc1c5f0eef70","status":0,"value":null}
19:18:46.092 INFO - Removing session org.openqa.selenium.remote.server.ServicedSession@3ff73c4
19:18:46.123 INFO - To downstream: {"sessionId":"","status":0,"value":null}
